# Push Log for parasite-zero
# Generated by gitfield-sync

[2025-07-14T16:15:20Z] Local: , Branch=master, Commit=unknown
  Diff Summary:
     docs/integrity.sha256.sig.4E27D37C358872BF | 0
     1 file changed, 0 insertions(+), 0 deletions(-)
[2025-07-14T16:19:42Z] Radicle: RID=rad:z3FEj7rF8gZw9eFksCuiN43qjzrex, Peer ID=z6Mkw5s3ppo26C7y7tGK5MD8n2GqTHS582PPpeX5Xqbu2Mpz, Branch=master, Commit=unknown
  CLI: rad inspect rad:z3FEj7rF8gZw9eFksCuiN43qjzrex # View project details
  CLI: git ls-tree -r --name-only HEAD # View file structure
  Diff Summary:
     .gitfield/radicle.sigil.md | 67 ++++++++++++++++++++++++++++++++++++++++++++++
     1 file changed, 67 insertions(+)
[2025-07-14T16:20:04Z] Forgejo: https://remember.thefoldwithin.earth/mrhavens/parasite-zero, Branch=master, Commit=unknown
  Diff Summary:
     .gitfield/remember.sigil.md | 59 +++++++++++++++++++++++++++++++++++++++++++++
     1 file changed, 59 insertions(+)
[2025-07-14T16:20:10Z] Codeberg: https://codeberg.org/mrhavens/parasite-zero, Branch=master, Commit=unknown
  Diff Summary:
     .gitfield/pushed.log | 4 ++++
     1 file changed, 4 insertions(+)
[2025-07-14T16:20:46Z] GitLab: https://gitlab.com/mrhavens/parasite-zero, Branch=master, Commit=unknown
  Diff Summary:
     .gitfield/gitlab.sigil.md | 59 +++++++++++++++++++++++++++++++++++++++++++++++
     1 file changed, 59 insertions(+)
[2025-07-14T16:21:08Z] Bitbucket: https://bitbucket.org/thefoldwithin/parasite-zero, Branch=master, Commit=unknown
  Diff Summary:
     .gitfield/bitbucket.sigil.md | 59 ++++++++++++++++++++++++++++++++++++++++++++
     1 file changed, 59 insertions(+)
[2025-07-14T16:21:44Z] GitHub: https://github.com/mrhavens/parasite-zero, Branch=master, Commit=unknown
  Diff Summary:
     .gitfield/github.sigil.md | 59 +++++++++++++++++++++++++++++++++++++++++++++++
     1 file changed, 59 insertions(+)
[2025-07-14T16:23:43Z] Local: , Branch=master, Commit=unknown
  Diff Summary:
     .gitfield/local.sigil.md | 59 ++++++++++++++++++++++++++++++++++++++++++++++++
     1 file changed, 59 insertions(+)
[2025-07-14T16:24:02Z] Radicle: RID=rad:z3FEj7rF8gZw9eFksCuiN43qjzrex, Peer ID=z6Mkw5s3ppo26C7y7tGK5MD8n2GqTHS582PPpeX5Xqbu2Mpz, Branch=master, Commit=unknown
  CLI: rad inspect rad:z3FEj7rF8gZw9eFksCuiN43qjzrex # View project details
  CLI: git ls-tree -r --name-only HEAD # View file structure
  Diff Summary:
     .gitfield/radicle.sigil.md | 20 ++++++++++----------
     1 file changed, 10 insertions(+), 10 deletions(-)
[2025-07-14T16:24:19Z] Forgejo: https://remember.thefoldwithin.earth/mrhavens/parasite-zero, Branch=master, Commit=unknown
  Diff Summary:
     .gitfield/remember.sigil.md | 16 ++++++++--------
     1 file changed, 8 insertions(+), 8 deletions(-)
